<?xml version="1.0" encoding="UTF-8"?>
<!-- Generated by org.testng.reporters.JUnitXMLReporter -->
<testsuite hostname="DESKTOP-HR3H067" ignored="0" name="Test" tests="154" failures="5" timestamp="25 Apr 2019 10:52:52 GMT" time="1897.728" errors="0">
  <testcase name="login" time="6.664" classname="A4_Allure_Report_Demo.baseball_female_NW3201"/>
  <testcase name="select_sport" time="8.663" classname="A4_Allure_Report_Demo.baseball_female_NW3201"/>
  <testcase name="select_gender_garment" time="1.364" classname="A4_Allure_Report_Demo.baseball_female_NW3201"/>
  <testcase name="select_style_decoration" time="56.329" classname="A4_Allure_Report_Demo.baseball_female_NW3201"/>
  <testcase name="select_quantity" time="9.504" classname="A4_Allure_Report_Demo.baseball_female_NW3201"/>
  <testcase name="cart" time="5.949" classname="A4_Allure_Report_Demo.baseball_female_NW3201"/>
  <testcase name="orderacknowledgement" time="4.275" classname="A4_Allure_Report_Demo.baseball_female_NW3201"/>
  <testcase name="login" time="2.511" classname="A4_Allure_Report_Demo.baseball_male_N4241"/>
  <testcase name="select_sport" time="7.805" classname="A4_Allure_Report_Demo.baseball_male_N4241"/>
  <testcase name="select_gender_garment" time="2.225" classname="A4_Allure_Report_Demo.baseball_male_N4241"/>
  <testcase name="select_style_decoration" time="40.82" classname="A4_Allure_Report_Demo.baseball_male_N4241"/>
  <testcase name="select_quantity" time="8.387" classname="A4_Allure_Report_Demo.baseball_male_N4241"/>
  <testcase name="cart" time="4.68" classname="A4_Allure_Report_Demo.baseball_male_N4241"/>
  <testcase name="orderacknowledgement" time="2.035" classname="A4_Allure_Report_Demo.baseball_male_N4241"/>
  <testcase name="login" time="2.597" classname="A4_Allure_Report_Demo.baseball_youth_NB6603"/>
  <testcase name="select_sport" time="6.861" classname="A4_Allure_Report_Demo.baseball_youth_NB6603"/>
  <testcase name="select_gender_garment" time="1.147" classname="A4_Allure_Report_Demo.baseball_youth_NB6603"/>
  <testcase name="select_style_decoration" time="42.033" classname="A4_Allure_Report_Demo.baseball_youth_NB6603"/>
  <testcase name="select_quantity" time="5.734" classname="A4_Allure_Report_Demo.baseball_youth_NB6603"/>
  <testcase name="cart" time="4.827" classname="A4_Allure_Report_Demo.baseball_youth_NB6603"/>
  <testcase name="orderacknowledgement" time="3.645" classname="A4_Allure_Report_Demo.baseball_youth_NB6603"/>
  <testcase name="login" time="2.569" classname="A4_Allure_Report_Demo.basketball_female_NW5284"/>
  <testcase name="select_sport" time="6.963" classname="A4_Allure_Report_Demo.basketball_female_NW5284"/>
  <testcase name="select_gender_garment" time="1.111" classname="A4_Allure_Report_Demo.basketball_female_NW5284"/>
  <testcase name="select_style_decoration" time="41.8" classname="A4_Allure_Report_Demo.basketball_female_NW5284"/>
  <testcase name="select_quantity" time="5.808" classname="A4_Allure_Report_Demo.basketball_female_NW5284"/>
  <testcase name="cart" time="5.688" classname="A4_Allure_Report_Demo.basketball_female_NW5284"/>
  <testcase name="orderacknowledgement" time="1.693" classname="A4_Allure_Report_Demo.basketball_female_NW5284"/>
  <testcase name="login" time="2.583" classname="A4_Allure_Report_Demo.basketball_male_NF1270"/>
  <testcase name="select_sport" time="6.898" classname="A4_Allure_Report_Demo.basketball_male_NF1270"/>
  <testcase name="select_gender_garment" time="1.425" classname="A4_Allure_Report_Demo.basketball_male_NF1270"/>
  <testcase name="select_style_decoration" time="51.628" classname="A4_Allure_Report_Demo.basketball_male_NF1270"/>
  <testcase name="select_quantity" time="11.848" classname="A4_Allure_Report_Demo.basketball_male_NF1270"/>
  <testcase name="cart" time="5.505" classname="A4_Allure_Report_Demo.basketball_male_NF1270"/>
  <testcase name="orderacknowledgement" time="1.779" classname="A4_Allure_Report_Demo.basketball_male_NF1270"/>
  <testcase name="login" time="2.484" classname="A4_Allure_Report_Demo.basketball_youth_NB3142"/>
  <testcase name="select_sport" time="7.016" classname="A4_Allure_Report_Demo.basketball_youth_NB3142"/>
  <testcase name="select_gender_garment" time="0.918" classname="A4_Allure_Report_Demo.basketball_youth_NB3142"/>
  <testcase name="select_style_decoration" time="42.83" classname="A4_Allure_Report_Demo.basketball_youth_NB3142"/>
  <testcase name="select_quantity" time="6.536" classname="A4_Allure_Report_Demo.basketball_youth_NB3142"/>
  <testcase name="cart" time="4.545" classname="A4_Allure_Report_Demo.basketball_youth_NB3142"/>
  <testcase name="orderacknowledgement" time="1.695" classname="A4_Allure_Report_Demo.basketball_youth_NB3142"/>
  <testcase name="login" time="2.541" classname="A4_Allure_Report_Demo.football_men_N4190"/>
  <testcase name="select_sport" time="7.384" classname="A4_Allure_Report_Demo.football_men_N4190"/>
  <testcase name="select_gender_garment" time="1.403" classname="A4_Allure_Report_Demo.football_men_N4190"/>
  <testcase name="select_style_decoration" time="58.009" classname="A4_Allure_Report_Demo.football_men_N4190">
    <failure type="org.openqa.selenium.NoSuchElementException" message="no such element: Unable to locate element: {&amp;quot;method&amp;quot;:&amp;quot;xpath&amp;quot;,&amp;quot;selector&amp;quot;:&amp;quot;//a[@href=&amp;apos;#back&amp;apos;]&amp;quot;}
  (Session info: chrome=71.0.3578.98)
  (Driver info: chromedriver=2.46.628402 (536cd7adbad73a3783fdc2cab92ab2ba7ec361e1),platform=Windows NT 10.0.10240 x86_64) (WARNING: The server did not provide any stacktrace information)
Command duration or timeout: 0 milliseconds
For documentation on this error, please visit: https://www.seleniumhq.org/exceptions/no_such_element.html
Build info: version: &amp;apos;3.141.59&amp;apos;, revision: &amp;apos;e82be7d358&amp;apos;, time: &amp;apos;2018-11-14T08:17:03&amp;apos;
System info: host: &amp;apos;DESKTOP-HR3H067&amp;apos;, ip: &amp;apos;192.168.88.142&amp;apos;, os.name: &amp;apos;Windows 10&amp;apos;, os.arch: &amp;apos;amd64&amp;apos;, os.version: &amp;apos;10.0&amp;apos;, java.version: &amp;apos;1.8.0_181&amp;apos;
Driver info: org.openqa.selenium.chrome.ChromeDriver
Capabilities {acceptInsecureCerts: false, acceptSslCerts: false, applicationCacheEnabled: false, browserConnectionEnabled: false, browserName: chrome, chrome: {chromedriverVersion: 2.46.628402 (536cd7adbad73a..., userDataDir: C:\Users\A\AppData\Local\Te...}, cssSelectorsEnabled: true, databaseEnabled: false, goog:chromeOptions: {debuggerAddress: localhost:60636}, handlesAlerts: true, hasTouchScreen: false, javascriptEnabled: true, locationContextEnabled: true, mobileEmulationEnabled: false, nativeEvents: true, networkConnectionEnabled: false, pageLoadStrategy: normal, platform: XP, platformName: XP, proxy: Proxy(), rotatable: false, setWindowRect: true, strictFileInteractability: false, takesHeapSnapshot: true, takesScreenshot: true, timeouts: {implicit: 0, pageLoad: 300000, script: 30000}, unexpectedAlertBehaviour: ignore, unhandledPromptBehavior: ignore, version: 71.0.3578.98, webStorageEnabled: true}
Session ID: be7916e21e33c7c2427b836088ed9144
*** Element info: {Using=xpath, value=//a[@href=&amp;apos;#back&amp;apos;]}">
      <![CDATA[org.openqa.selenium.NoSuchElementException: no such element: Unable to locate element: {"method":"xpath","selector":"//a[@href='#back']"}
  (Session info: chrome=71.0.3578.98)
  (Driver info: chromedriver=2.46.628402 (536cd7adbad73a3783fdc2cab92ab2ba7ec361e1),platform=Windows NT 10.0.10240 x86_64) (WARNING: The server did not provide any stacktrace information)
Command duration or timeout: 0 milliseconds
For documentation on this error, please visit: https://www.seleniumhq.org/exceptions/no_such_element.html
Build info: version: '3.141.59', revision: 'e82be7d358', time: '2018-11-14T08:17:03'
System info: host: 'DESKTOP-HR3H067', ip: '192.168.88.142', os.name: 'Windows 10', os.arch: 'amd64', os.version: '10.0', java.version: '1.8.0_181'
Driver info: org.openqa.selenium.chrome.ChromeDriver
Capabilities {acceptInsecureCerts: false, acceptSslCerts: false, applicationCacheEnabled: false, browserConnectionEnabled: false, browserName: chrome, chrome: {chromedriverVersion: 2.46.628402 (536cd7adbad73a..., userDataDir: C:\Users\A\AppData\Local\Te...}, cssSelectorsEnabled: true, databaseEnabled: false, goog:chromeOptions: {debuggerAddress: localhost:60636}, handlesAlerts: true, hasTouchScreen: false, javascriptEnabled: true, locationContextEnabled: true, mobileEmulationEnabled: false, nativeEvents: true, networkConnectionEnabled: false, pageLoadStrategy: normal, platform: XP, platformName: XP, proxy: Proxy(), rotatable: false, setWindowRect: true, strictFileInteractability: false, takesHeapSnapshot: true, takesScreenshot: true, timeouts: {implicit: 0, pageLoad: 300000, script: 30000}, unexpectedAlertBehaviour: ignore, unhandledPromptBehavior: ignore, version: 71.0.3578.98, webStorageEnabled: true}
Session ID: be7916e21e33c7c2427b836088ed9144
*** Element info: {Using=xpath, value=//a[@href='#back']}
at org.openqa.selenium.remote.ErrorHandler.createThrowable(ErrorHandler.java:214)
at org.openqa.selenium.remote.ErrorHandler.throwIfResponseFailed(ErrorHandler.java:166)
at org.openqa.selenium.remote.http.JsonHttpResponseCodec.reconstructValue(JsonHttpResponseCodec.java:40)
at org.openqa.selenium.remote.http.AbstractHttpResponseCodec.decode(AbstractHttpResponseCodec.java:80)
at org.openqa.selenium.remote.http.AbstractHttpResponseCodec.decode(AbstractHttpResponseCodec.java:44)
at org.openqa.selenium.remote.HttpCommandExecutor.execute(HttpCommandExecutor.java:158)
at org.openqa.selenium.remote.service.DriverCommandExecutor.execute(DriverCommandExecutor.java:83)
at org.openqa.selenium.remote.RemoteWebDriver.execute(RemoteWebDriver.java:552)
at org.openqa.selenium.remote.RemoteWebDriver.findElement(RemoteWebDriver.java:323)
at org.openqa.selenium.remote.RemoteWebDriver.findElementByXPath(RemoteWebDriver.java:428)
at org.openqa.selenium.By$ByXPath.findElement(By.java:353)
at org.openqa.selenium.remote.RemoteWebDriver.findElement(RemoteWebDriver.java:315)
at A4_Allure_Report_Demo.football_men_N4190.select_style_decoration(football_men_N4190.java:83)
... Removed 29 stack frames]]>
    </failure>
  </testcase> <!-- select_style_decoration -->
  <testcase name="select_quantity" time="0.0" classname="A4_Allure_Report_Demo.football_men_N4190">
    <skipped/>
  </testcase> <!-- select_quantity -->
  <testcase name="cart" time="0.0" classname="A4_Allure_Report_Demo.football_men_N4190">
    <skipped/>
  </testcase> <!-- cart -->
  <testcase name="orderacknowledgement" time="0.0" classname="A4_Allure_Report_Demo.football_men_N4190">
    <skipped/>
  </testcase> <!-- orderacknowledgement -->
  <testcase name="login" time="2.625" classname="A4_Allure_Report_Demo.football_youth_NB3142"/>
  <testcase name="select_sport" time="7.607" classname="A4_Allure_Report_Demo.football_youth_NB3142"/>
  <testcase name="select_gender_garment" time="1.169" classname="A4_Allure_Report_Demo.football_youth_NB3142"/>
  <testcase name="select_style_decoration" time="38.267" classname="A4_Allure_Report_Demo.football_youth_NB3142"/>
  <testcase name="select_quantity" time="6.916" classname="A4_Allure_Report_Demo.football_youth_NB3142"/>
  <testcase name="cart" time="4.463" classname="A4_Allure_Report_Demo.football_youth_NB3142"/>
  <testcase name="orderacknowledgement" time="1.724" classname="A4_Allure_Report_Demo.football_youth_NB3142"/>
  <testcase name="login" time="2.513" classname="A4_Allure_Report_Demo.lacrose_male_N5293"/>
  <testcase name="select_sport" time="6.673" classname="A4_Allure_Report_Demo.lacrose_male_N5293"/>
  <testcase name="select_gender_garment" time="1.194" classname="A4_Allure_Report_Demo.lacrose_male_N5293"/>
  <testcase name="select_style_decoration" time="35.719" classname="A4_Allure_Report_Demo.lacrose_male_N5293"/>
  <testcase name="select_quantity" time="8.16" classname="A4_Allure_Report_Demo.lacrose_male_N5293"/>
  <testcase name="cart" time="5.03" classname="A4_Allure_Report_Demo.lacrose_male_N5293"/>
  <testcase name="orderacknowledgement" time="1.598" classname="A4_Allure_Report_Demo.lacrose_male_N5293"/>
  <testcase name="login" time="2.554" classname="A4_Allure_Report_Demo.lacrose_youth_NB2274"/>
  <testcase name="select_sport" time="7.008" classname="A4_Allure_Report_Demo.lacrose_youth_NB2274"/>
  <testcase name="select_gender_garment" time="1.606" classname="A4_Allure_Report_Demo.lacrose_youth_NB2274"/>
  <testcase name="select_style_decoration" time="79.985" classname="A4_Allure_Report_Demo.lacrose_youth_NB2274">
    <failure type="org.openqa.selenium.ElementNotVisibleException" message="element not interactable
  (Session info: chrome=71.0.3578.98)
  (Driver info: chromedriver=2.46.628402 (536cd7adbad73a3783fdc2cab92ab2ba7ec361e1),platform=Windows NT 10.0.10240 x86_64) (WARNING: The server did not provide any stacktrace information)
Command duration or timeout: 0 milliseconds
Build info: version: &amp;apos;3.141.59&amp;apos;, revision: &amp;apos;e82be7d358&amp;apos;, time: &amp;apos;2018-11-14T08:17:03&amp;apos;
System info: host: &amp;apos;DESKTOP-HR3H067&amp;apos;, ip: &amp;apos;192.168.88.142&amp;apos;, os.name: &amp;apos;Windows 10&amp;apos;, os.arch: &amp;apos;amd64&amp;apos;, os.version: &amp;apos;10.0&amp;apos;, java.version: &amp;apos;1.8.0_181&amp;apos;
Driver info: org.openqa.selenium.chrome.ChromeDriver
Capabilities {acceptInsecureCerts: false, acceptSslCerts: false, applicationCacheEnabled: false, browserConnectionEnabled: false, browserName: chrome, chrome: {chromedriverVersion: 2.46.628402 (536cd7adbad73a..., userDataDir: C:\Users\A\AppData\Local\Te...}, cssSelectorsEnabled: true, databaseEnabled: false, goog:chromeOptions: {debuggerAddress: localhost:60783}, handlesAlerts: true, hasTouchScreen: false, javascriptEnabled: true, locationContextEnabled: true, mobileEmulationEnabled: false, nativeEvents: true, networkConnectionEnabled: false, pageLoadStrategy: normal, platform: XP, platformName: XP, proxy: Proxy(), rotatable: false, setWindowRect: true, strictFileInteractability: false, takesHeapSnapshot: true, takesScreenshot: true, timeouts: {implicit: 0, pageLoad: 300000, script: 30000}, unexpectedAlertBehaviour: ignore, unhandledPromptBehavior: ignore, version: 71.0.3578.98, webStorageEnabled: true}
Session ID: a477641446110e6027aa5106a82b8ac5">
      <![CDATA[org.openqa.selenium.ElementNotVisibleException: element not interactable
  (Session info: chrome=71.0.3578.98)
  (Driver info: chromedriver=2.46.628402 (536cd7adbad73a3783fdc2cab92ab2ba7ec361e1),platform=Windows NT 10.0.10240 x86_64) (WARNING: The server did not provide any stacktrace information)
Command duration or timeout: 0 milliseconds
Build info: version: '3.141.59', revision: 'e82be7d358', time: '2018-11-14T08:17:03'
System info: host: 'DESKTOP-HR3H067', ip: '192.168.88.142', os.name: 'Windows 10', os.arch: 'amd64', os.version: '10.0', java.version: '1.8.0_181'
Driver info: org.openqa.selenium.chrome.ChromeDriver
Capabilities {acceptInsecureCerts: false, acceptSslCerts: false, applicationCacheEnabled: false, browserConnectionEnabled: false, browserName: chrome, chrome: {chromedriverVersion: 2.46.628402 (536cd7adbad73a..., userDataDir: C:\Users\A\AppData\Local\Te...}, cssSelectorsEnabled: true, databaseEnabled: false, goog:chromeOptions: {debuggerAddress: localhost:60783}, handlesAlerts: true, hasTouchScreen: false, javascriptEnabled: true, locationContextEnabled: true, mobileEmulationEnabled: false, nativeEvents: true, networkConnectionEnabled: false, pageLoadStrategy: normal, platform: XP, platformName: XP, proxy: Proxy(), rotatable: false, setWindowRect: true, strictFileInteractability: false, takesHeapSnapshot: true, takesScreenshot: true, timeouts: {implicit: 0, pageLoad: 300000, script: 30000}, unexpectedAlertBehaviour: ignore, unhandledPromptBehavior: ignore, version: 71.0.3578.98, webStorageEnabled: true}
Session ID: a477641446110e6027aa5106a82b8ac5
at org.openqa.selenium.remote.ErrorHandler.createThrowable(ErrorHandler.java:214)
at org.openqa.selenium.remote.ErrorHandler.throwIfResponseFailed(ErrorHandler.java:166)
at org.openqa.selenium.remote.http.JsonHttpResponseCodec.reconstructValue(JsonHttpResponseCodec.java:40)
at org.openqa.selenium.remote.http.AbstractHttpResponseCodec.decode(AbstractHttpResponseCodec.java:80)
at org.openqa.selenium.remote.http.AbstractHttpResponseCodec.decode(AbstractHttpResponseCodec.java:44)
at org.openqa.selenium.remote.HttpCommandExecutor.execute(HttpCommandExecutor.java:158)
at org.openqa.selenium.remote.service.DriverCommandExecutor.execute(DriverCommandExecutor.java:83)
at org.openqa.selenium.remote.RemoteWebDriver.execute(RemoteWebDriver.java:552)
at org.openqa.selenium.remote.RemoteWebElement.execute(RemoteWebElement.java:285)
at org.openqa.selenium.remote.RemoteWebElement.click(RemoteWebElement.java:84)
at A4_Allure_Report_Demo.lacrose_youth_NB2274.select_style_decoration(lacrose_youth_NB2274.java:98)
... Removed 29 stack frames]]>
    </failure>
  </testcase> <!-- select_style_decoration -->
  <testcase name="select_quantity" time="0.0" classname="A4_Allure_Report_Demo.lacrose_youth_NB2274">
    <skipped/>
  </testcase> <!-- select_quantity -->
  <testcase name="cart" time="0.0" classname="A4_Allure_Report_Demo.lacrose_youth_NB2274">
    <skipped/>
  </testcase> <!-- cart -->
  <testcase name="orderacknowledgement" time="0.0" classname="A4_Allure_Report_Demo.lacrose_youth_NB2274">
    <skipped/>
  </testcase> <!-- orderacknowledgement -->
  <testcase name="login" time="2.522" classname="A4_Allure_Report_Demo.outerwear_female_NW4245"/>
  <testcase name="select_sport" time="7.847" classname="A4_Allure_Report_Demo.outerwear_female_NW4245"/>
  <testcase name="select_gender_garment" time="1.025" classname="A4_Allure_Report_Demo.outerwear_female_NW4245"/>
  <testcase name="select_style_decoration" time="40.542" classname="A4_Allure_Report_Demo.outerwear_female_NW4245"/>
  <testcase name="select_quantity" time="6.262" classname="A4_Allure_Report_Demo.outerwear_female_NW4245"/>
  <testcase name="cart" time="4.434" classname="A4_Allure_Report_Demo.outerwear_female_NW4245"/>
  <testcase name="orderacknowledgement" time="1.717" classname="A4_Allure_Report_Demo.outerwear_female_NW4245"/>
  <testcase name="login" time="2.534" classname="A4_Allure_Report_Demo.outerwear_male_N4246"/>
  <testcase name="select_sport" time="7.839" classname="A4_Allure_Report_Demo.outerwear_male_N4246"/>
  <testcase name="select_gender_garment" time="2.064" classname="A4_Allure_Report_Demo.outerwear_male_N4246"/>
  <testcase name="select_style_decoration" time="58.939" classname="A4_Allure_Report_Demo.outerwear_male_N4246">
    <failure type="org.openqa.selenium.NoSuchElementException" message="no such element: Unable to locate element: {&amp;quot;method&amp;quot;:&amp;quot;xpath&amp;quot;,&amp;quot;selector&amp;quot;:&amp;quot;//a[@href=&amp;apos;#back&amp;apos;]&amp;quot;}
  (Session info: chrome=71.0.3578.98)
  (Driver info: chromedriver=2.46.628402 (536cd7adbad73a3783fdc2cab92ab2ba7ec361e1),platform=Windows NT 10.0.10240 x86_64) (WARNING: The server did not provide any stacktrace information)
Command duration or timeout: 0 milliseconds
For documentation on this error, please visit: https://www.seleniumhq.org/exceptions/no_such_element.html
Build info: version: &amp;apos;3.141.59&amp;apos;, revision: &amp;apos;e82be7d358&amp;apos;, time: &amp;apos;2018-11-14T08:17:03&amp;apos;
System info: host: &amp;apos;DESKTOP-HR3H067&amp;apos;, ip: &amp;apos;192.168.88.142&amp;apos;, os.name: &amp;apos;Windows 10&amp;apos;, os.arch: &amp;apos;amd64&amp;apos;, os.version: &amp;apos;10.0&amp;apos;, java.version: &amp;apos;1.8.0_181&amp;apos;
Driver info: org.openqa.selenium.chrome.ChromeDriver
Capabilities {acceptInsecureCerts: false, acceptSslCerts: false, applicationCacheEnabled: false, browserConnectionEnabled: false, browserName: chrome, chrome: {chromedriverVersion: 2.46.628402 (536cd7adbad73a..., userDataDir: C:\Users\A\AppData\Local\Te...}, cssSelectorsEnabled: true, databaseEnabled: false, goog:chromeOptions: {debuggerAddress: localhost:60909}, handlesAlerts: true, hasTouchScreen: false, javascriptEnabled: true, locationContextEnabled: true, mobileEmulationEnabled: false, nativeEvents: true, networkConnectionEnabled: false, pageLoadStrategy: normal, platform: XP, platformName: XP, proxy: Proxy(), rotatable: false, setWindowRect: true, strictFileInteractability: false, takesHeapSnapshot: true, takesScreenshot: true, timeouts: {implicit: 0, pageLoad: 300000, script: 30000}, unexpectedAlertBehaviour: ignore, unhandledPromptBehavior: ignore, version: 71.0.3578.98, webStorageEnabled: true}
Session ID: 3f3fbf1bcea4bf3a2a29b2aa28f81629
*** Element info: {Using=xpath, value=//a[@href=&amp;apos;#back&amp;apos;]}">
      <![CDATA[org.openqa.selenium.NoSuchElementException: no such element: Unable to locate element: {"method":"xpath","selector":"//a[@href='#back']"}
  (Session info: chrome=71.0.3578.98)
  (Driver info: chromedriver=2.46.628402 (536cd7adbad73a3783fdc2cab92ab2ba7ec361e1),platform=Windows NT 10.0.10240 x86_64) (WARNING: The server did not provide any stacktrace information)
Command duration or timeout: 0 milliseconds
For documentation on this error, please visit: https://www.seleniumhq.org/exceptions/no_such_element.html
Build info: version: '3.141.59', revision: 'e82be7d358', time: '2018-11-14T08:17:03'
System info: host: 'DESKTOP-HR3H067', ip: '192.168.88.142', os.name: 'Windows 10', os.arch: 'amd64', os.version: '10.0', java.version: '1.8.0_181'
Driver info: org.openqa.selenium.chrome.ChromeDriver
Capabilities {acceptInsecureCerts: false, acceptSslCerts: false, applicationCacheEnabled: false, browserConnectionEnabled: false, browserName: chrome, chrome: {chromedriverVersion: 2.46.628402 (536cd7adbad73a..., userDataDir: C:\Users\A\AppData\Local\Te...}, cssSelectorsEnabled: true, databaseEnabled: false, goog:chromeOptions: {debuggerAddress: localhost:60909}, handlesAlerts: true, hasTouchScreen: false, javascriptEnabled: true, locationContextEnabled: true, mobileEmulationEnabled: false, nativeEvents: true, networkConnectionEnabled: false, pageLoadStrategy: normal, platform: XP, platformName: XP, proxy: Proxy(), rotatable: false, setWindowRect: true, strictFileInteractability: false, takesHeapSnapshot: true, takesScreenshot: true, timeouts: {implicit: 0, pageLoad: 300000, script: 30000}, unexpectedAlertBehaviour: ignore, unhandledPromptBehavior: ignore, version: 71.0.3578.98, webStorageEnabled: true}
Session ID: 3f3fbf1bcea4bf3a2a29b2aa28f81629
*** Element info: {Using=xpath, value=//a[@href='#back']}
at org.openqa.selenium.remote.ErrorHandler.createThrowable(ErrorHandler.java:214)
at org.openqa.selenium.remote.ErrorHandler.throwIfResponseFailed(ErrorHandler.java:166)
at org.openqa.selenium.remote.http.JsonHttpResponseCodec.reconstructValue(JsonHttpResponseCodec.java:40)
at org.openqa.selenium.remote.http.AbstractHttpResponseCodec.decode(AbstractHttpResponseCodec.java:80)
at org.openqa.selenium.remote.http.AbstractHttpResponseCodec.decode(AbstractHttpResponseCodec.java:44)
at org.openqa.selenium.remote.HttpCommandExecutor.execute(HttpCommandExecutor.java:158)
at org.openqa.selenium.remote.service.DriverCommandExecutor.execute(DriverCommandExecutor.java:83)
at org.openqa.selenium.remote.RemoteWebDriver.execute(RemoteWebDriver.java:552)
at org.openqa.selenium.remote.RemoteWebDriver.findElement(RemoteWebDriver.java:323)
at org.openqa.selenium.remote.RemoteWebDriver.findElementByXPath(RemoteWebDriver.java:428)
at org.openqa.selenium.By$ByXPath.findElement(By.java:353)
at org.openqa.selenium.remote.RemoteWebDriver.findElement(RemoteWebDriver.java:315)
at A4_Allure_Report_Demo.outerwear_male_N4246.select_style_decoration(outerwear_male_N4246.java:93)
... Removed 29 stack frames]]>
    </failure>
  </testcase> <!-- select_style_decoration -->
  <testcase name="select_quantity" time="0.0" classname="A4_Allure_Report_Demo.outerwear_male_N4246">
    <skipped/>
  </testcase> <!-- select_quantity -->
  <testcase name="cart" time="0.0" classname="A4_Allure_Report_Demo.outerwear_male_N4246">
    <skipped/>
  </testcase> <!-- cart -->
  <testcase name="orderacknowledgement" time="0.0" classname="A4_Allure_Report_Demo.outerwear_male_N4246">
    <skipped/>
  </testcase> <!-- orderacknowledgement -->
  <testcase name="login" time="2.575" classname="A4_Allure_Report_Demo.outerwear_youth_NB4251"/>
  <testcase name="select_sport" time="8.172" classname="A4_Allure_Report_Demo.outerwear_youth_NB4251"/>
  <testcase name="select_gender_garment" time="0.966" classname="A4_Allure_Report_Demo.outerwear_youth_NB4251"/>
  <testcase name="select_style_decoration" time="27.363" classname="A4_Allure_Report_Demo.outerwear_youth_NB4251"/>
  <testcase name="select_quantity" time="23.565" classname="A4_Allure_Report_Demo.outerwear_youth_NB4251">
    <failure type="org.openqa.selenium.NoSuchElementException" message="no such element: Unable to locate element: {&amp;quot;method&amp;quot;:&amp;quot;xpath&amp;quot;,&amp;quot;selector&amp;quot;:&amp;quot;//table[@id=&amp;apos;decoration_prices&amp;apos;]//tr[4]//td[5]&amp;quot;}
  (Session info: chrome=71.0.3578.98)
  (Driver info: chromedriver=2.46.628402 (536cd7adbad73a3783fdc2cab92ab2ba7ec361e1),platform=Windows NT 10.0.10240 x86_64) (WARNING: The server did not provide any stacktrace information)
Command duration or timeout: 0 milliseconds
For documentation on this error, please visit: https://www.seleniumhq.org/exceptions/no_such_element.html
Build info: version: &amp;apos;3.141.59&amp;apos;, revision: &amp;apos;e82be7d358&amp;apos;, time: &amp;apos;2018-11-14T08:17:03&amp;apos;
System info: host: &amp;apos;DESKTOP-HR3H067&amp;apos;, ip: &amp;apos;192.168.88.142&amp;apos;, os.name: &amp;apos;Windows 10&amp;apos;, os.arch: &amp;apos;amd64&amp;apos;, os.version: &amp;apos;10.0&amp;apos;, java.version: &amp;apos;1.8.0_181&amp;apos;
Driver info: org.openqa.selenium.chrome.ChromeDriver
Capabilities {acceptInsecureCerts: false, acceptSslCerts: false, applicationCacheEnabled: false, browserConnectionEnabled: false, browserName: chrome, chrome: {chromedriverVersion: 2.46.628402 (536cd7adbad73a..., userDataDir: C:\Users\A\AppData\Local\Te...}, cssSelectorsEnabled: true, databaseEnabled: false, goog:chromeOptions: {debuggerAddress: localhost:60975}, handlesAlerts: true, hasTouchScreen: false, javascriptEnabled: true, locationContextEnabled: true, mobileEmulationEnabled: false, nativeEvents: true, networkConnectionEnabled: false, pageLoadStrategy: normal, platform: XP, platformName: XP, proxy: Proxy(), rotatable: false, setWindowRect: true, strictFileInteractability: false, takesHeapSnapshot: true, takesScreenshot: true, timeouts: {implicit: 0, pageLoad: 300000, script: 30000}, unexpectedAlertBehaviour: ignore, unhandledPromptBehavior: ignore, version: 71.0.3578.98, webStorageEnabled: true}
Session ID: e0268f2d08cee5da45389e4272801187
*** Element info: {Using=xpath, value=//table[@id=&amp;apos;decoration_prices&amp;apos;]//tr[4]//td[5]}">
      <![CDATA[org.openqa.selenium.NoSuchElementException: no such element: Unable to locate element: {"method":"xpath","selector":"//table[@id='decoration_prices']//tr[4]//td[5]"}
  (Session info: chrome=71.0.3578.98)
  (Driver info: chromedriver=2.46.628402 (536cd7adbad73a3783fdc2cab92ab2ba7ec361e1),platform=Windows NT 10.0.10240 x86_64) (WARNING: The server did not provide any stacktrace information)
Command duration or timeout: 0 milliseconds
For documentation on this error, please visit: https://www.seleniumhq.org/exceptions/no_such_element.html
Build info: version: '3.141.59', revision: 'e82be7d358', time: '2018-11-14T08:17:03'
System info: host: 'DESKTOP-HR3H067', ip: '192.168.88.142', os.name: 'Windows 10', os.arch: 'amd64', os.version: '10.0', java.version: '1.8.0_181'
Driver info: org.openqa.selenium.chrome.ChromeDriver
Capabilities {acceptInsecureCerts: false, acceptSslCerts: false, applicationCacheEnabled: false, browserConnectionEnabled: false, browserName: chrome, chrome: {chromedriverVersion: 2.46.628402 (536cd7adbad73a..., userDataDir: C:\Users\A\AppData\Local\Te...}, cssSelectorsEnabled: true, databaseEnabled: false, goog:chromeOptions: {debuggerAddress: localhost:60975}, handlesAlerts: true, hasTouchScreen: false, javascriptEnabled: true, locationContextEnabled: true, mobileEmulationEnabled: false, nativeEvents: true, networkConnectionEnabled: false, pageLoadStrategy: normal, platform: XP, platformName: XP, proxy: Proxy(), rotatable: false, setWindowRect: true, strictFileInteractability: false, takesHeapSnapshot: true, takesScreenshot: true, timeouts: {implicit: 0, pageLoad: 300000, script: 30000}, unexpectedAlertBehaviour: ignore, unhandledPromptBehavior: ignore, version: 71.0.3578.98, webStorageEnabled: true}
Session ID: e0268f2d08cee5da45389e4272801187
*** Element info: {Using=xpath, value=//table[@id='decoration_prices']//tr[4]//td[5]}
at org.openqa.selenium.remote.ErrorHandler.createThrowable(ErrorHandler.java:214)
at org.openqa.selenium.remote.ErrorHandler.throwIfResponseFailed(ErrorHandler.java:166)
at org.openqa.selenium.remote.http.JsonHttpResponseCodec.reconstructValue(JsonHttpResponseCodec.java:40)
at org.openqa.selenium.remote.http.AbstractHttpResponseCodec.decode(AbstractHttpResponseCodec.java:80)
at org.openqa.selenium.remote.http.AbstractHttpResponseCodec.decode(AbstractHttpResponseCodec.java:44)
at org.openqa.selenium.remote.HttpCommandExecutor.execute(HttpCommandExecutor.java:158)
at org.openqa.selenium.remote.service.DriverCommandExecutor.execute(DriverCommandExecutor.java:83)
at org.openqa.selenium.remote.RemoteWebDriver.execute(RemoteWebDriver.java:552)
at org.openqa.selenium.remote.RemoteWebDriver.findElement(RemoteWebDriver.java:323)
at org.openqa.selenium.remote.RemoteWebDriver.findElementByXPath(RemoteWebDriver.java:428)
at org.openqa.selenium.By$ByXPath.findElement(By.java:353)
at org.openqa.selenium.remote.RemoteWebDriver.findElement(RemoteWebDriver.java:315)
at A4_Allure_Report_Demo.outerwear_youth_NB4251.select_quantity(outerwear_youth_NB4251.java:101)
... Removed 29 stack frames]]>
    </failure>
  </testcase> <!-- select_quantity -->
  <testcase name="cart" time="0.0" classname="A4_Allure_Report_Demo.outerwear_youth_NB4251">
    <skipped/>
  </testcase> <!-- cart -->
  <testcase name="orderacknowledgement" time="0.0" classname="A4_Allure_Report_Demo.outerwear_youth_NB4251">
    <skipped/>
  </testcase> <!-- orderacknowledgement -->
  <testcase name="login" time="2.436" classname="A4_Allure_Report_Demo.soccer_female_NW3223"/>
  <testcase name="select_sport" time="7.813" classname="A4_Allure_Report_Demo.soccer_female_NW3223"/>
  <testcase name="select_gender_garment" time="1.233" classname="A4_Allure_Report_Demo.soccer_female_NW3223"/>
  <testcase name="select_style_decoration" time="40.92" classname="A4_Allure_Report_Demo.soccer_female_NW3223"/>
  <testcase name="select_quantity" time="6.339" classname="A4_Allure_Report_Demo.soccer_female_NW3223"/>
  <testcase name="cart" time="4.964" classname="A4_Allure_Report_Demo.soccer_female_NW3223"/>
  <testcase name="orderacknowledgement" time="3.578" classname="A4_Allure_Report_Demo.soccer_female_NW3223"/>
  <testcase name="login" time="2.484" classname="A4_Allure_Report_Demo.soccer_male_N3001"/>
  <testcase name="select_sport" time="8.283" classname="A4_Allure_Report_Demo.soccer_male_N3001"/>
  <testcase name="select_gender_garment" time="1.447" classname="A4_Allure_Report_Demo.soccer_male_N3001"/>
  <testcase name="select_style_decoration" time="37.846" classname="A4_Allure_Report_Demo.soccer_male_N3001"/>
  <testcase name="select_quantity" time="4.8" classname="A4_Allure_Report_Demo.soccer_male_N3001"/>
  <testcase name="cart" time="4.353" classname="A4_Allure_Report_Demo.soccer_male_N3001"/>
  <testcase name="orderacknowledgement" time="1.751" classname="A4_Allure_Report_Demo.soccer_male_N3001"/>
  <testcase name="login" time="2.528" classname="A4_Allure_Report_Demo.soccer_youth_NB3373"/>
  <testcase name="select_sport" time="7.883" classname="A4_Allure_Report_Demo.soccer_youth_NB3373"/>
  <testcase name="select_gender_garment" time="1.109" classname="A4_Allure_Report_Demo.soccer_youth_NB3373"/>
  <testcase name="select_style_decoration" time="38.623" classname="A4_Allure_Report_Demo.soccer_youth_NB3373"/>
  <testcase name="select_quantity" time="12.749" classname="A4_Allure_Report_Demo.soccer_youth_NB3373"/>
  <testcase name="cart" time="4.18" classname="A4_Allure_Report_Demo.soccer_youth_NB3373"/>
  <testcase name="orderacknowledgement" time="1.485" classname="A4_Allure_Report_Demo.soccer_youth_NB3373"/>
  <testcase name="login" time="2.478" classname="A4_Allure_Report_Demo.track_female_NW5341"/>
  <testcase name="select_sport" time="7.9" classname="A4_Allure_Report_Demo.track_female_NW5341"/>
  <testcase name="select_gender_garment" time="1.192" classname="A4_Allure_Report_Demo.track_female_NW5341"/>
  <testcase name="select_style_decoration" time="97.885" classname="A4_Allure_Report_Demo.track_female_NW5341">
    <failure type="org.openqa.selenium.NoSuchElementException" message="no such element: Unable to locate element: {&amp;quot;method&amp;quot;:&amp;quot;xpath&amp;quot;,&amp;quot;selector&amp;quot;:&amp;quot;//a[@href=&amp;apos;#back&amp;apos;]&amp;quot;}
  (Session info: chrome=71.0.3578.98)
  (Driver info: chromedriver=2.46.628402 (536cd7adbad73a3783fdc2cab92ab2ba7ec361e1),platform=Windows NT 10.0.10240 x86_64) (WARNING: The server did not provide any stacktrace information)
Command duration or timeout: 0 milliseconds
For documentation on this error, please visit: https://www.seleniumhq.org/exceptions/no_such_element.html
Build info: version: &amp;apos;3.141.59&amp;apos;, revision: &amp;apos;e82be7d358&amp;apos;, time: &amp;apos;2018-11-14T08:17:03&amp;apos;
System info: host: &amp;apos;DESKTOP-HR3H067&amp;apos;, ip: &amp;apos;192.168.88.142&amp;apos;, os.name: &amp;apos;Windows 10&amp;apos;, os.arch: &amp;apos;amd64&amp;apos;, os.version: &amp;apos;10.0&amp;apos;, java.version: &amp;apos;1.8.0_181&amp;apos;
Driver info: org.openqa.selenium.chrome.ChromeDriver
Capabilities {acceptInsecureCerts: false, acceptSslCerts: false, applicationCacheEnabled: false, browserConnectionEnabled: false, browserName: chrome, chrome: {chromedriverVersion: 2.46.628402 (536cd7adbad73a..., userDataDir: C:\Users\A\AppData\Local\Te...}, cssSelectorsEnabled: true, databaseEnabled: false, goog:chromeOptions: {debuggerAddress: localhost:61209}, handlesAlerts: true, hasTouchScreen: false, javascriptEnabled: true, locationContextEnabled: true, mobileEmulationEnabled: false, nativeEvents: true, networkConnectionEnabled: false, pageLoadStrategy: normal, platform: XP, platformName: XP, proxy: Proxy(), rotatable: false, setWindowRect: true, strictFileInteractability: false, takesHeapSnapshot: true, takesScreenshot: true, timeouts: {implicit: 0, pageLoad: 300000, script: 30000}, unexpectedAlertBehaviour: ignore, unhandledPromptBehavior: ignore, version: 71.0.3578.98, webStorageEnabled: true}
Session ID: b289b08fd956b32e7709a89ec0c34983
*** Element info: {Using=xpath, value=//a[@href=&amp;apos;#back&amp;apos;]}">
      <![CDATA[org.openqa.selenium.NoSuchElementException: no such element: Unable to locate element: {"method":"xpath","selector":"//a[@href='#back']"}
  (Session info: chrome=71.0.3578.98)
  (Driver info: chromedriver=2.46.628402 (536cd7adbad73a3783fdc2cab92ab2ba7ec361e1),platform=Windows NT 10.0.10240 x86_64) (WARNING: The server did not provide any stacktrace information)
Command duration or timeout: 0 milliseconds
For documentation on this error, please visit: https://www.seleniumhq.org/exceptions/no_such_element.html
Build info: version: '3.141.59', revision: 'e82be7d358', time: '2018-11-14T08:17:03'
System info: host: 'DESKTOP-HR3H067', ip: '192.168.88.142', os.name: 'Windows 10', os.arch: 'amd64', os.version: '10.0', java.version: '1.8.0_181'
Driver info: org.openqa.selenium.chrome.ChromeDriver
Capabilities {acceptInsecureCerts: false, acceptSslCerts: false, applicationCacheEnabled: false, browserConnectionEnabled: false, browserName: chrome, chrome: {chromedriverVersion: 2.46.628402 (536cd7adbad73a..., userDataDir: C:\Users\A\AppData\Local\Te...}, cssSelectorsEnabled: true, databaseEnabled: false, goog:chromeOptions: {debuggerAddress: localhost:61209}, handlesAlerts: true, hasTouchScreen: false, javascriptEnabled: true, locationContextEnabled: true, mobileEmulationEnabled: false, nativeEvents: true, networkConnectionEnabled: false, pageLoadStrategy: normal, platform: XP, platformName: XP, proxy: Proxy(), rotatable: false, setWindowRect: true, strictFileInteractability: false, takesHeapSnapshot: true, takesScreenshot: true, timeouts: {implicit: 0, pageLoad: 300000, script: 30000}, unexpectedAlertBehaviour: ignore, unhandledPromptBehavior: ignore, version: 71.0.3578.98, webStorageEnabled: true}
Session ID: b289b08fd956b32e7709a89ec0c34983
*** Element info: {Using=xpath, value=//a[@href='#back']}
at org.openqa.selenium.remote.ErrorHandler.createThrowable(ErrorHandler.java:214)
at org.openqa.selenium.remote.ErrorHandler.throwIfResponseFailed(ErrorHandler.java:166)
at org.openqa.selenium.remote.http.JsonHttpResponseCodec.reconstructValue(JsonHttpResponseCodec.java:40)
at org.openqa.selenium.remote.http.AbstractHttpResponseCodec.decode(AbstractHttpResponseCodec.java:80)
at org.openqa.selenium.remote.http.AbstractHttpResponseCodec.decode(AbstractHttpResponseCodec.java:44)
at org.openqa.selenium.remote.HttpCommandExecutor.execute(HttpCommandExecutor.java:158)
at org.openqa.selenium.remote.service.DriverCommandExecutor.execute(DriverCommandExecutor.java:83)
at org.openqa.selenium.remote.RemoteWebDriver.execute(RemoteWebDriver.java:552)
at org.openqa.selenium.remote.RemoteWebDriver.findElement(RemoteWebDriver.java:323)
at org.openqa.selenium.remote.RemoteWebDriver.findElementByXPath(RemoteWebDriver.java:428)
at org.openqa.selenium.By$ByXPath.findElement(By.java:353)
at org.openqa.selenium.remote.RemoteWebDriver.findElement(RemoteWebDriver.java:315)
at A4_Allure_Report_Demo.track_female_NW5341.select_style_decoration(track_female_NW5341.java:89)
... Removed 29 stack frames]]>
    </failure>
  </testcase> <!-- select_style_decoration -->
  <testcase name="select_quantity" time="0.0" classname="A4_Allure_Report_Demo.track_female_NW5341">
    <skipped/>
  </testcase> <!-- select_quantity -->
  <testcase name="cart" time="0.0" classname="A4_Allure_Report_Demo.track_female_NW5341">
    <skipped/>
  </testcase> <!-- cart -->
  <testcase name="orderacknowledgement" time="0.0" classname="A4_Allure_Report_Demo.track_female_NW5341">
    <skipped/>
  </testcase> <!-- orderacknowledgement -->
  <testcase name="login" time="3.368" classname="A4_Allure_Report_Demo.track_male_N2359"/>
  <testcase name="select_sport" time="7.813" classname="A4_Allure_Report_Demo.track_male_N2359"/>
  <testcase name="select_gender_garment" time="1.786" classname="A4_Allure_Report_Demo.track_male_N2359"/>
  <testcase name="select_style_decoration" time="42.168" classname="A4_Allure_Report_Demo.track_male_N2359"/>
  <testcase name="select_quantity" time="5.73" classname="A4_Allure_Report_Demo.track_male_N2359"/>
  <testcase name="cart" time="4.53" classname="A4_Allure_Report_Demo.track_male_N2359"/>
  <testcase name="orderacknowledgement" time="1.663" classname="A4_Allure_Report_Demo.track_male_N2359"/>
  <testcase name="login" time="2.55" classname="A4_Allure_Report_Demo.track_youth_NB4234"/>
  <testcase name="select_sport" time="7.843" classname="A4_Allure_Report_Demo.track_youth_NB4234"/>
  <testcase name="select_gender_garment" time="1.138" classname="A4_Allure_Report_Demo.track_youth_NB4234"/>
  <testcase name="select_style_decoration" time="39.802" classname="A4_Allure_Report_Demo.track_youth_NB4234"/>
  <testcase name="select_quantity" time="6.737" classname="A4_Allure_Report_Demo.track_youth_NB4234"/>
  <testcase name="cart" time="3.971" classname="A4_Allure_Report_Demo.track_youth_NB4234"/>
  <testcase name="orderacknowledgement" time="1.497" classname="A4_Allure_Report_Demo.track_youth_NB4234"/>
  <testcase name="login" time="2.499" classname="A4_Allure_Report_Demo.volleyball_female_NW3295"/>
  <testcase name="select_sport" time="7.626" classname="A4_Allure_Report_Demo.volleyball_female_NW3295"/>
  <testcase name="select_gender_garment" time="4.571" classname="A4_Allure_Report_Demo.volleyball_female_NW3295"/>
  <testcase name="select_style_decoration" time="52.347" classname="A4_Allure_Report_Demo.volleyball_female_NW3295"/>
  <testcase name="select_quantity" time="10.273" classname="A4_Allure_Report_Demo.volleyball_female_NW3295"/>
  <testcase name="cart" time="5.364" classname="A4_Allure_Report_Demo.volleyball_female_NW3295"/>
  <testcase name="orderacknowledgement" time="3.61" classname="A4_Allure_Report_Demo.volleyball_female_NW3295"/>
  <testcase name="login" time="2.495" classname="A4_Allure_Report_Demo.volleyball_male_N4268"/>
  <testcase name="select_sport" time="7.56" classname="A4_Allure_Report_Demo.volleyball_male_N4268"/>
  <testcase name="select_gender_garment" time="0.933" classname="A4_Allure_Report_Demo.volleyball_male_N4268"/>
  <testcase name="select_style_decoration" time="44.991" classname="A4_Allure_Report_Demo.volleyball_male_N4268"/>
  <testcase name="select_quantity" time="7.493" classname="A4_Allure_Report_Demo.volleyball_male_N4268"/>
  <testcase name="cart" time="4.587" classname="A4_Allure_Report_Demo.volleyball_male_N4268"/>
  <testcase name="orderacknowledgement" time="1.573" classname="A4_Allure_Report_Demo.volleyball_male_N4268"/>
  <testcase name="login" time="2.533" classname="A4_Allure_Report_Demo.volleyball_youth_NB5244"/>
  <testcase name="select_sport" time="8.215" classname="A4_Allure_Report_Demo.volleyball_youth_NB5244"/>
  <testcase name="select_gender_garment" time="1.005" classname="A4_Allure_Report_Demo.volleyball_youth_NB5244"/>
  <testcase name="select_style_decoration" time="39.026" classname="A4_Allure_Report_Demo.volleyball_youth_NB5244"/>
  <testcase name="select_quantity" time="6.315" classname="A4_Allure_Report_Demo.volleyball_youth_NB5244"/>
  <testcase name="cart" time="3.949" classname="A4_Allure_Report_Demo.volleyball_youth_NB5244"/>
  <testcase name="orderacknowledgement" time="1.48" classname="A4_Allure_Report_Demo.volleyball_youth_NB5244"/>
</testsuite> <!-- Test -->
